* commit 11a61e4224f8b05a270996526368de0abb7c3818
| Author: АlекsL <al.tr.limudim@gg-mail.com>
| Date:   Mon Apr 7 08:52:22 2025 +0300
| 
|     work logs added
|   
*   commit 3f003f6ebe3dae29a344639a4c5ebfa7a3ca5f43
|\  Merge: fabb58f 8b07ddf
| | Author: АlекsL <al.tr.limudim@gg-mail.com>
| | Date:   Mon Apr 7 08:43:18 2025 +0300
| | 
| |     merging Initialization => master
| |   
| *   commit 8b07ddf1b729667c191a4d1bcf4895c797c36192
| |\  Merge: 774b62a f12afd1
| | | Author: АlекsL <al.tr.limudim@gg-mail.com>
| | | Date:   Sun Apr 6 19:01:51 2025 +0300
| | | 
| | |     merging NodeJS_structure_template => Initialization
| | | 
| | * commit f12afd1a1721f65e44bf26e4cc5c6f0b7040fbfd
| | | Author: АlекsL <al.tr.limudim@gg-mail.com>
| | | Date:   Sun Apr 6 18:39:42 2025 +0300
| | | 
| | |     protocol updated before branches merging
| | | 
| | * commit 65e1ae718e798921c2da8b5933ac19afb1c3d842
| | | Author: АlекsL <al.tr.limudim@gg-mail.com>
| | | Date:   Sun Apr 6 18:37:33 2025 +0300
| | | 
| | |     modules type set to ES6, protocol updated
| | | 
| | * commit 74ce61738b7c61ea9a4a1257035e4d1887fd50d0
| | | Author: АlекsL <al.tr.limudim@gg-mail.com>
| | | Date:   Sun Apr 6 18:20:50 2025 +0300
| | | 
| | |     template structure added, protocol updated
| | | 
| * | commit 774b62a77b10760de429c63be97a23e29c04ae19
| | | Author: АlекsL <al.tr.limudim@gg-mail.com>
| | | Date:   Sun Apr 6 17:41:02 2025 +0300
| | | 
| | |     protocol updated before new branch creation
| | | 
| * | commit 6fc1b8688773d652b8312c846ac1c8adb303c42e
| | | Author: АlекsL <al.tr.limudim@gg-mail.com>
| | | Date:   Sun Apr 6 17:38:30 2025 +0300
| | | 
| | |     project description added, protocol updated
| | | 
| * | commit 09f93aab90820ce7843fe9d2128e04528ae97a35
| |/  Author: АlекsL <al.tr.limudim@gg-mail.com>
| |   Date:   Sun Apr 6 17:34:12 2025 +0300
| |   
| |       project name and version added, protocol updated
| | 
* | commit fabb58f799143ed55338792f12a15f08bdb05e2d
| | Author: АlекsL <al.tr.limudim@gg-mail.com>
| | Date:   Sun Apr 6 17:21:05 2025 +0300
| | 
| |     protocol updated before new branch creation
| | 
* | commit 7ba5b5aac2448de3ebbb878a272e0eb3be1c1611
|/  Author: АlекsL <al.tr.limudim@gg-mail.com>
|   Date:   Sun Apr 6 17:10:33 2025 +0300
|   
|       ENV settings added
| 
* commit 6e01d8637033b241a2ea3ec4e5b78aec61bdecde
  Author: АlекsL <al.tr.limudim@gg-mail.com>
  Date:   Sun Apr 6 17:06:51 2025 +0300
  
      First hw01 commit
